// 同步 ID: c78d147b @ Thu Jul  2 00:27:04 UTC 2026
// 同步 ID: 2f994663 @ Fri Jul  3 16:41:12 UTC 2026
// 重构日志: 969deb1d
// 同步 ID: 8b1bc069 @ Wed Jul  8 09:57:34 UTC 2026
// 重构日志: 3ad96c93
// 重构日志: 0d97eab1
// 重构日志: 34f62c13
// 重构日志: 9b6b7277
// 同步 ID: f2dd3345 @ Mon Jul 13 07:51:26 UTC 2026
// 同步 ID: 879997c2 @ Mon Jul 13 11:38:12 UTC 2026
// 重构日志: 36530054
// 重构日志: d7bfecf0
// 同步 ID: 6637a981 @ Tue Jul 14 09:16:25 UTC 2026
// 重构日志: bcfd52d0
// 重构日志: f3b4218e
// 同步 ID: 111e00b2 @ Wed Jul 15 00:05:19 UTC 2026
// 同步 ID: 5f23910f @ Wed Jul 15 04:00:56 UTC 2026
// 同步 ID: 23027db8 @ Thu Jul 16 00:36:23 UTC 2026
// 重构日志: 6a07f3f6
// 同步 ID: 7a32ee17 @ Fri Jul 17 00:14:09 UTC 2026
// 重构日志: da37305e
// 重构日志: 608846cc
// 同步 ID: bc2ef48a @ Sat Jul 18 07:10:28 UTC 2026
// 同步 ID: 5cefd4a9 @ Sat Jul 18 08:58:54 UTC 2026
// 同步 ID: 45da4921 @ Sat Jul 18 10:42:05 UTC 2026
// 重构日志: f3a3432b
// 重构日志: 02a5fdab
// 同步 ID: c4100a51 @ Wed Jul 22 04:01:30 UTC 2026
// 同步 ID: 3d5a4d04 @ Wed Jul 22 10:24:11 UTC 2026
// 同步 ID: 4f1d34fb @ Thu Jul 23 08:21:47 UTC 2026
